timestamp: 2018-09-23T16:05:40.158876
CREATE TABLE "auth_user"(
    "id" INTEGER PRIMARY KEY AUTOINCREMENT,
    "name" CHAR(64),
    "username" CHAR(16) UNIQUE,
    "password" CHAR(512),
    "email" CHAR(128),
    "score" DOUBLE,
    "bean" DOUBLE,
    "registration_key" CHAR(512),
    "reset_password_key" CHAR(512),
    "registration_id" CHAR(512)
);
success!
DELETE FROM "auth_user";
DELETE FROM sqlite_sequence WHERE name='auth_user'
success!
timestamp: 2018-09-23T16:05:40.163956
CREATE TABLE "auth_group"(
    "id" INTEGER PRIMARY KEY AUTOINCREMENT,
    "role" CHAR(512),
    "description" TEXT
);
success!
timestamp: 2018-09-23T16:05:40.166728
CREATE TABLE "auth_membership"(
    "id" INTEGER PRIMARY KEY AUTOINCREMENT,
    "user_id" INTEGER REFERENCES "auth_user" ("id") ON DELETE CASCADE  ,
    "group_id" INTEGER REFERENCES "auth_group" ("id") ON DELETE CASCADE  
);
success!
timestamp: 2018-09-23T16:05:40.169314
CREATE TABLE "auth_permission"(
    "id" INTEGER PRIMARY KEY AUTOINCREMENT,
    "group_id" INTEGER REFERENCES "auth_group" ("id") ON DELETE CASCADE  ,
    "name" CHAR(512),
    "table_name" CHAR(512),
    "record_id" INTEGER
);
success!
timestamp: 2018-09-23T16:05:40.171695
CREATE TABLE "auth_event"(
    "id" INTEGER PRIMARY KEY AUTOINCREMENT,
    "time_stamp" TIMESTAMP,
    "client_ip" CHAR(512),
    "user_id" INTEGER REFERENCES "auth_user" ("id") ON DELETE CASCADE  ,
    "origin" CHAR(512),
    "description" TEXT
);
success!
timestamp: 2018-09-23T16:05:40.174358
CREATE TABLE "auth_cas"(
    "id" INTEGER PRIMARY KEY AUTOINCREMENT,
    "user_id" INTEGER REFERENCES "auth_user" ("id") ON DELETE CASCADE  ,
    "created_on" TIMESTAMP,
    "service" CHAR(512),
    "ticket" CHAR(512),
    "renew" CHAR(1)
);
success!
DELETE FROM "auth_user";
DELETE FROM sqlite_sequence WHERE name='auth_user'
success!
DELETE FROM "auth_user";
DELETE FROM sqlite_sequence WHERE name='auth_user'
success!
DELETE FROM "auth_user";
DELETE FROM sqlite_sequence WHERE name='auth_user'
success!
DELETE FROM "auth_user";
DELETE FROM sqlite_sequence WHERE name='auth_user'
success!
DELETE FROM "auth_user";
DELETE FROM sqlite_sequence WHERE name='auth_user'
success!
success!
DELETE FROM "auth_user";
DELETE FROM sqlite_sequence WHERE name='auth_user'
success!
success!
DELETE FROM "auth_user";
DELETE FROM sqlite_sequence WHERE name='auth_user'
success!
success!
DELETE FROM "auth_user";
DELETE FROM sqlite_sequence WHERE name='auth_user'
success!
success!
DELETE FROM "auth_user";
DELETE FROM sqlite_sequence WHERE name='auth_user'
success!
success!
DELETE FROM "auth_user";
DELETE FROM sqlite_sequence WHERE name='auth_user'
success!
success!
DELETE FROM "auth_user";
DELETE FROM sqlite_sequence WHERE name='auth_user'
success!
success!
DELETE FROM "auth_user";
DELETE FROM sqlite_sequence WHERE name='auth_user'
success!
success!
DELETE FROM "auth_user";
DELETE FROM sqlite_sequence WHERE name='auth_user'
success!
success!
DELETE FROM "auth_user";
DELETE FROM sqlite_sequence WHERE name='auth_user'
success!
success!
DELETE FROM "auth_user";
DELETE FROM sqlite_sequence WHERE name='auth_user'
success!
success!
DELETE FROM "auth_user";
DELETE FROM sqlite_sequence WHERE name='auth_user'
success!
success!
DELETE FROM "auth_user";
DELETE FROM sqlite_sequence WHERE name='auth_user'
success!
success!
DELETE FROM "auth_user";
DELETE FROM sqlite_sequence WHERE name='auth_user'
success!
success!
DELETE FROM "auth_user";
DELETE FROM sqlite_sequence WHERE name='auth_user'
success!
success!
DELETE FROM "auth_user";
DELETE FROM sqlite_sequence WHERE name='auth_user'
success!
success!
DELETE FROM "auth_user";
DELETE FROM sqlite_sequence WHERE name='auth_user'
success!
success!
DELETE FROM "auth_user";
DELETE FROM sqlite_sequence WHERE name='auth_user'
success!
success!
DELETE FROM "auth_user";
DELETE FROM sqlite_sequence WHERE name='auth_user'
success!
success!
DELETE FROM "auth_user";
DELETE FROM sqlite_sequence WHERE name='auth_user'
success!
success!
DELETE FROM "auth_user";
DELETE FROM sqlite_sequence WHERE name='auth_user'
success!
success!
DELETE FROM "auth_user";
DELETE FROM sqlite_sequence WHERE name='auth_user'
success!
success!
DELETE FROM "auth_user";
DELETE FROM sqlite_sequence WHERE name='auth_user'
success!
success!
DELETE FROM "auth_user";
DELETE FROM sqlite_sequence WHERE name='auth_user'
success!
success!
DELETE FROM "auth_user";
DELETE FROM sqlite_sequence WHERE name='auth_user'
success!
success!
DELETE FROM "auth_user";
DELETE FROM sqlite_sequence WHERE name='auth_user'
success!
success!
DELETE FROM "auth_user";
DELETE FROM sqlite_sequence WHERE name='auth_user'
success!
success!
DELETE FROM "auth_user";
DELETE FROM sqlite_sequence WHERE name='auth_user'
success!
success!
DELETE FROM "auth_user";
DELETE FROM sqlite_sequence WHERE name='auth_user'
success!
success!
DELETE FROM "auth_user";
DELETE FROM sqlite_sequence WHERE name='auth_user'
success!
success!
DELETE FROM "auth_user";
DELETE FROM sqlite_sequence WHERE name='auth_user'
success!
success!
DELETE FROM "auth_user";
DELETE FROM sqlite_sequence WHERE name='auth_user'
success!
success!
DELETE FROM "auth_user";
DELETE FROM sqlite_sequence WHERE name='auth_user'
success!
success!
DELETE FROM "auth_user";
DELETE FROM sqlite_sequence WHERE name='auth_user'
success!
success!
DELETE FROM "auth_user";
DELETE FROM sqlite_sequence WHERE name='auth_user'
success!
success!
DELETE FROM "auth_user";
DELETE FROM sqlite_sequence WHERE name='auth_user'
success!
success!
DELETE FROM "auth_user";
DELETE FROM sqlite_sequence WHERE name='auth_user'
success!
success!
DELETE FROM "auth_user";
DELETE FROM sqlite_sequence WHERE name='auth_user'
success!
success!
DELETE FROM "auth_user";
DELETE FROM sqlite_sequence WHERE name='auth_user'
success!
success!
DELETE FROM "auth_user";
DELETE FROM sqlite_sequence WHERE name='auth_user'
success!
success!
DELETE FROM "auth_user";
DELETE FROM sqlite_sequence WHERE name='auth_user'
success!
success!
DELETE FROM "auth_user";
DELETE FROM sqlite_sequence WHERE name='auth_user'
success!
success!
DELETE FROM "auth_user";
DELETE FROM sqlite_sequence WHERE name='auth_user'
success!
success!
DELETE FROM "auth_user";
DELETE FROM sqlite_sequence WHERE name='auth_user'
success!
success!
DELETE FROM "auth_user";
DELETE FROM sqlite_sequence WHERE name='auth_user'
success!
success!
DELETE FROM "auth_user";
DELETE FROM sqlite_sequence WHERE name='auth_user'
success!
success!
DELETE FROM "auth_user";
DELETE FROM sqlite_sequence WHERE name='auth_user'
success!
success!
DELETE FROM "auth_user";
DELETE FROM sqlite_sequence WHERE name='auth_user'
success!
success!
DELETE FROM "auth_user";
DELETE FROM sqlite_sequence WHERE name='auth_user'
success!
success!
DELETE FROM "auth_user";
DELETE FROM sqlite_sequence WHERE name='auth_user'
success!
success!
DELETE FROM "auth_user";
DELETE FROM sqlite_sequence WHERE name='auth_user'
success!
success!
DELETE FROM "auth_user";
DELETE FROM sqlite_sequence WHERE name='auth_user'
success!
success!
DELETE FROM "auth_user";
DELETE FROM sqlite_sequence WHERE name='auth_user'
success!
success!
timestamp: 2018-09-23T16:48:17.192606
CREATE TABLE "user_info"(
    "id" INTEGER PRIMARY KEY AUTOINCREMENT,
    "username" CHAR(64),
    "score" DOUBLE,
    "bean" DOUBLE
);
success!
DELETE FROM "auth_user";
DELETE FROM sqlite_sequence WHERE name='auth_user'
success!
success!
DELETE FROM "auth_user";
DELETE FROM sqlite_sequence WHERE name='auth_user'
success!
success!
DELETE FROM "auth_user";
DELETE FROM sqlite_sequence WHERE name='auth_user'
success!
success!
DELETE FROM "auth_user";
DELETE FROM sqlite_sequence WHERE name='auth_user'
success!
success!
DELETE FROM "auth_user";
DELETE FROM sqlite_sequence WHERE name='auth_user'
success!
success!
DELETE FROM "auth_user";
DELETE FROM sqlite_sequence WHERE name='auth_user'
success!
success!
DELETE FROM "auth_user";
DELETE FROM sqlite_sequence WHERE name='auth_user'
success!
success!
DELETE FROM "auth_user";
DELETE FROM sqlite_sequence WHERE name='auth_user'
success!
success!
DELETE FROM "auth_user";
DELETE FROM sqlite_sequence WHERE name='auth_user'
success!
success!
DELETE FROM "auth_user";
DELETE FROM sqlite_sequence WHERE name='auth_user'
success!
success!
DELETE FROM "auth_user";
DELETE FROM sqlite_sequence WHERE name='auth_user'
success!
success!
DELETE FROM "auth_user";
DELETE FROM sqlite_sequence WHERE name='auth_user'
success!
success!
DELETE FROM "auth_user";
DELETE FROM sqlite_sequence WHERE name='auth_user'
success!
success!
DELETE FROM "auth_user";
DELETE FROM sqlite_sequence WHERE name='auth_user'
success!
success!
DELETE FROM "auth_user";
DELETE FROM sqlite_sequence WHERE name='auth_user'
success!
success!
DELETE FROM "auth_user";
DELETE FROM sqlite_sequence WHERE name='auth_user'
success!
success!
DELETE FROM "auth_user";
DELETE FROM sqlite_sequence WHERE name='auth_user'
success!
success!
DELETE FROM "auth_user";
DELETE FROM sqlite_sequence WHERE name='auth_user'
success!
success!
DELETE FROM "auth_user";
DELETE FROM sqlite_sequence WHERE name='auth_user'
success!
success!
DELETE FROM "auth_user";
DELETE FROM sqlite_sequence WHERE name='auth_user'
success!
success!
DELETE FROM "auth_user";
DELETE FROM sqlite_sequence WHERE name='auth_user'
success!
success!
DELETE FROM "auth_user";
DELETE FROM sqlite_sequence WHERE name='auth_user'
success!
success!
DELETE FROM "auth_user";
DELETE FROM sqlite_sequence WHERE name='auth_user'
success!
success!
DELETE FROM "auth_user";
DELETE FROM sqlite_sequence WHERE name='auth_user'
success!
success!
DELETE FROM "auth_user";
DELETE FROM sqlite_sequence WHERE name='auth_user'
success!
success!
DELETE FROM "auth_user";
DELETE FROM sqlite_sequence WHERE name='auth_user'
success!
success!
DELETE FROM "auth_user";
DELETE FROM sqlite_sequence WHERE name='auth_user'
success!
success!
DELETE FROM "auth_user";
DELETE FROM sqlite_sequence WHERE name='auth_user'
success!
success!
DELETE FROM "auth_user";
DELETE FROM sqlite_sequence WHERE name='auth_user'
success!
success!
DELETE FROM "auth_user";
DELETE FROM sqlite_sequence WHERE name='auth_user'
success!
success!
DELETE FROM "auth_user";
DELETE FROM sqlite_sequence WHERE name='auth_user'
success!
success!
DELETE FROM "auth_user";
DELETE FROM sqlite_sequence WHERE name='auth_user'
success!
success!
DELETE FROM "auth_user";
DELETE FROM sqlite_sequence WHERE name='auth_user'
success!
success!
DELETE FROM "auth_user";
DELETE FROM sqlite_sequence WHERE name='auth_user'
success!
success!
DELETE FROM "auth_user";
DELETE FROM sqlite_sequence WHERE name='auth_user'
success!
success!
DELETE FROM "auth_user";
DELETE FROM sqlite_sequence WHERE name='auth_user'
success!
success!
DELETE FROM "auth_user";
DELETE FROM sqlite_sequence WHERE name='auth_user'
success!
success!
DELETE FROM "auth_user";
DELETE FROM sqlite_sequence WHERE name='auth_user'
success!
success!
DELETE FROM "auth_user";
DELETE FROM sqlite_sequence WHERE name='auth_user'
success!
success!
DELETE FROM "auth_user";
DELETE FROM sqlite_sequence WHERE name='auth_user'
success!
success!
DELETE FROM "auth_user";
DELETE FROM sqlite_sequence WHERE name='auth_user'
success!
success!
DELETE FROM "auth_user";
DELETE FROM sqlite_sequence WHERE name='auth_user'
success!
success!
DELETE FROM "auth_user";
DELETE FROM sqlite_sequence WHERE name='auth_user'
success!
success!
DELETE FROM "auth_user";
DELETE FROM sqlite_sequence WHERE name='auth_user'
success!
success!
DELETE FROM "auth_user";
DELETE FROM sqlite_sequence WHERE name='auth_user'
success!
success!
DELETE FROM "auth_user";
DELETE FROM sqlite_sequence WHERE name='auth_user'
success!
success!
DELETE FROM "auth_user";
DELETE FROM sqlite_sequence WHERE name='auth_user'
success!
success!
DELETE FROM "auth_user";
DELETE FROM sqlite_sequence WHERE name='auth_user'
success!
success!
DELETE FROM "auth_user";
DELETE FROM sqlite_sequence WHERE name='auth_user'
success!
success!
DELETE FROM "auth_user";
DELETE FROM sqlite_sequence WHERE name='auth_user'
success!
success!
DELETE FROM "auth_user";
DELETE FROM sqlite_sequence WHERE name='auth_user'
success!
success!
DELETE FROM "auth_user";
DELETE FROM sqlite_sequence WHERE name='auth_user'
success!
success!
DELETE FROM "auth_user";
DELETE FROM sqlite_sequence WHERE name='auth_user'
success!
success!
DELETE FROM "auth_user";
DELETE FROM sqlite_sequence WHERE name='auth_user'
success!
success!
DELETE FROM "auth_user";
DELETE FROM sqlite_sequence WHERE name='auth_user'
success!
success!
DELETE FROM "auth_user";
DELETE FROM sqlite_sequence WHERE name='auth_user'
success!
success!
DELETE FROM "auth_user";
DELETE FROM sqlite_sequence WHERE name='auth_user'
success!
success!
DELETE FROM "auth_user";
DELETE FROM sqlite_sequence WHERE name='auth_user'
success!
success!
DELETE FROM "auth_user";
DELETE FROM sqlite_sequence WHERE name='auth_user'
success!
success!
DELETE FROM "auth_user";
DELETE FROM sqlite_sequence WHERE name='auth_user'
success!
success!
DELETE FROM "auth_user";
DELETE FROM sqlite_sequence WHERE name='auth_user'
success!
success!
DELETE FROM "auth_user";
DELETE FROM sqlite_sequence WHERE name='auth_user'
success!
success!
DELETE FROM "auth_user";
DELETE FROM sqlite_sequence WHERE name='auth_user'
success!
success!
DELETE FROM "auth_user";
DELETE FROM sqlite_sequence WHERE name='auth_user'
success!
success!
DELETE FROM "auth_user";
DELETE FROM sqlite_sequence WHERE name='auth_user'
success!
success!
DELETE FROM "auth_user";
DELETE FROM sqlite_sequence WHERE name='auth_user'
success!
success!
DELETE FROM "auth_user";
DELETE FROM sqlite_sequence WHERE name='auth_user'
success!
success!
DELETE FROM "auth_user";
DELETE FROM sqlite_sequence WHERE name='auth_user'
success!
success!
DELETE FROM "auth_user";
DELETE FROM sqlite_sequence WHERE name='auth_user'
success!
success!
DELETE FROM "auth_user";
DELETE FROM sqlite_sequence WHERE name='auth_user'
success!
success!
DELETE FROM "auth_user";
DELETE FROM sqlite_sequence WHERE name='auth_user'
success!
success!
DELETE FROM "auth_user";
DELETE FROM sqlite_sequence WHERE name='auth_user'
success!
success!
DELETE FROM "auth_user";
DELETE FROM sqlite_sequence WHERE name='auth_user'
success!
success!
DELETE FROM "auth_user";
DELETE FROM sqlite_sequence WHERE name='auth_user'
success!
success!
DELETE FROM "auth_user";
DELETE FROM sqlite_sequence WHERE name='auth_user'
success!
success!
DELETE FROM "auth_user";
DELETE FROM sqlite_sequence WHERE name='auth_user'
success!
success!
timestamp: 2018-09-23T20:23:38.851660
ALTER TABLE "user_info" ADD "workrate" DOUBLE;
timestamp: 2018-09-23T20:23:38.857075
ALTER TABLE "user_info" ADD "room" CHAR(512);
success!
DELETE FROM "auth_user";
DELETE FROM sqlite_sequence WHERE name='auth_user'
success!
success!
timestamp: 2018-09-23T20:28:47.060282
ALTER TABLE "user_info" ADD "showrank" CHAR(1);
success!
DELETE FROM "auth_user";
DELETE FROM sqlite_sequence WHERE name='auth_user'
success!
success!
DELETE FROM "auth_user";
DELETE FROM sqlite_sequence WHERE name='auth_user'
success!
success!
DELETE FROM "auth_user";
DELETE FROM sqlite_sequence WHERE name='auth_user'
success!
success!
DELETE FROM "auth_user";
DELETE FROM sqlite_sequence WHERE name='auth_user'
success!
success!
DELETE FROM "auth_user";
DELETE FROM sqlite_sequence WHERE name='auth_user'
success!
success!
DELETE FROM "auth_user";
DELETE FROM sqlite_sequence WHERE name='auth_user'
success!
success!
DELETE FROM "auth_user";
DELETE FROM sqlite_sequence WHERE name='auth_user'
success!
success!
DELETE FROM "auth_user";
DELETE FROM sqlite_sequence WHERE name='auth_user'
success!
success!
DELETE FROM "auth_user";
DELETE FROM sqlite_sequence WHERE name='auth_user'
success!
success!
DELETE FROM "auth_user";
DELETE FROM sqlite_sequence WHERE name='auth_user'
success!
success!
DELETE FROM "auth_user";
DELETE FROM sqlite_sequence WHERE name='auth_user'
success!
success!
DELETE FROM "auth_user";
DELETE FROM sqlite_sequence WHERE name='auth_user'
success!
success!
DELETE FROM "auth_user";
DELETE FROM sqlite_sequence WHERE name='auth_user'
success!
success!
DELETE FROM "auth_user";
DELETE FROM sqlite_sequence WHERE name='auth_user'
success!
success!
DELETE FROM "auth_user";
DELETE FROM sqlite_sequence WHERE name='auth_user'
success!
success!
DELETE FROM "auth_user";
DELETE FROM sqlite_sequence WHERE name='auth_user'
success!
success!
DELETE FROM "auth_user";
DELETE FROM sqlite_sequence WHERE name='auth_user'
success!
success!
DELETE FROM "auth_user";
DELETE FROM sqlite_sequence WHERE name='auth_user'
success!
success!
DELETE FROM "auth_user";
DELETE FROM sqlite_sequence WHERE name='auth_user'
success!
success!
DELETE FROM "auth_user";
DELETE FROM sqlite_sequence WHERE name='auth_user'
success!
success!
DELETE FROM "auth_user";
DELETE FROM sqlite_sequence WHERE name='auth_user'
success!
success!
DELETE FROM "auth_user";
DELETE FROM sqlite_sequence WHERE name='auth_user'
success!
success!
DELETE FROM "auth_user";
DELETE FROM sqlite_sequence WHERE name='auth_user'
success!
success!
DELETE FROM "auth_user";
DELETE FROM sqlite_sequence WHERE name='auth_user'
success!
success!
DELETE FROM "auth_user";
DELETE FROM sqlite_sequence WHERE name='auth_user'
success!
success!
DELETE FROM "auth_user";
DELETE FROM sqlite_sequence WHERE name='auth_user'
success!
success!
DELETE FROM "auth_user";
DELETE FROM sqlite_sequence WHERE name='auth_user'
success!
success!
DELETE FROM "auth_user";
DELETE FROM sqlite_sequence WHERE name='auth_user'
success!
success!
DELETE FROM "auth_user";
DELETE FROM sqlite_sequence WHERE name='auth_user'
success!
success!
DELETE FROM "auth_user";
DELETE FROM sqlite_sequence WHERE name='auth_user'
success!
success!
DELETE FROM "auth_user";
DELETE FROM sqlite_sequence WHERE name='auth_user'
success!
success!
DELETE FROM "auth_user";
DELETE FROM sqlite_sequence WHERE name='auth_user'
success!
success!
DELETE FROM "auth_user";
DELETE FROM sqlite_sequence WHERE name='auth_user'
success!
success!
DELETE FROM "auth_user";
DELETE FROM sqlite_sequence WHERE name='auth_user'
success!
success!
DELETE FROM "auth_user";
DELETE FROM sqlite_sequence WHERE name='auth_user'
success!
success!
DELETE FROM "auth_user";
DELETE FROM sqlite_sequence WHERE name='auth_user'
success!
success!
DELETE FROM "auth_user";
DELETE FROM sqlite_sequence WHERE name='auth_user'
success!
success!
DELETE FROM "auth_user";
DELETE FROM sqlite_sequence WHERE name='auth_user'
success!
success!
DELETE FROM "auth_user";
DELETE FROM sqlite_sequence WHERE name='auth_user'
success!
success!
DELETE FROM "auth_user";
DELETE FROM sqlite_sequence WHERE name='auth_user'
success!
success!
DELETE FROM "auth_user";
DELETE FROM sqlite_sequence WHERE name='auth_user'
success!
success!
DELETE FROM "auth_user";
DELETE FROM sqlite_sequence WHERE name='auth_user'
success!
success!
success!
success!
timestamp: 2018-09-23T21:25:25.867859
CREATE TABLE "user_info"(
    "id" INTEGER PRIMARY KEY AUTOINCREMENT,
    "username" CHAR(64),
    "score" DOUBLE,
    "bean" DOUBLE,
    "workrate" DOUBLE,
    "room" CHAR(512),
    "showrank" CHAR(1)
);
success!
success!
success!
success!
success!
success!
success!
success!
success!
success!
success!
success!
success!
success!
success!
success!
success!
success!
success!
success!
success!
success!
success!
success!
success!
success!
success!
success!
success!
success!
success!
success!
success!
success!
success!
success!
success!
success!
success!
success!
success!
success!
success!
success!
success!
success!
success!
success!
success!
success!
success!
success!
success!
success!
success!
success!
success!
success!
success!
success!
success!
success!
success!
success!
success!
success!
success!
success!
success!
success!
success!
success!
success!
success!
success!
success!
success!
success!
success!
success!
success!
timestamp: 2018-09-23T22:23:53.430906
CREATE TABLE "task"(
    "id" INTEGER PRIMARY KEY AUTOINCREMENT,
    "name" CHAR(512),
    "create_date" TIMESTAMP,
    "end_date" TIMESTAMP,
    "info" CHAR(512),
    "people" TEXT,
    "dopeople" TEXT
);
success!
success!
success!
success!
success!
success!
success!
success!
success!
success!
success!
success!
success!
success!
success!
success!
success!
success!
success!
success!
success!
success!
success!
success!
success!
success!
success!
success!
success!
success!
success!
success!
success!
success!
success!
success!
success!
success!
success!
success!
success!
success!
success!
success!
success!
success!
success!
success!
success!
success!
success!
success!
success!
success!
success!
success!
success!
success!
success!
success!
success!
success!
success!
success!
success!
success!
success!
success!
success!
success!
success!
success!
success!
success!
success!
success!
success!
success!
success!
success!
success!
success!
success!
success!
success!
success!
success!
success!
success!
success!
success!
success!
success!
success!
success!
success!
success!
success!
success!
success!
success!
success!
success!
success!
success!
success!
success!
success!
success!
success!
success!
success!
success!
success!
success!
success!
success!
success!
success!
success!
success!
success!
success!
success!
success!
success!
success!
success!
success!
success!
success!
success!
success!
success!
success!
success!
success!
success!
success!
success!
success!
success!
success!
success!
success!
success!
success!
success!
success!
success!
success!
success!
success!
success!
success!
success!
success!
success!
success!
success!
success!
success!
success!
success!
success!
success!
success!
success!
success!
success!
success!
success!
success!
success!
success!
success!
success!
success!
success!
success!
success!
success!
success!
success!
success!
success!
success!
success!
success!
success!
success!
success!
success!
success!
success!
success!
success!
success!
success!
success!
success!
success!
success!
success!
success!
success!
success!
success!
success!
success!
success!
success!
success!
success!
success!
success!
success!
success!
success!
success!
success!
success!
success!
success!
success!
success!
success!
success!
success!
success!
success!
success!
success!
success!
success!
success!
success!
success!
success!
success!
success!
success!
success!
success!
success!
success!
success!
success!
success!
success!
success!
success!
success!
success!
success!
success!
success!
success!
success!
success!
success!
success!
success!
success!
success!
success!
success!
success!
success!
success!
success!
success!
success!
success!
success!
success!
success!
success!
success!
success!
success!
success!
success!
success!
success!
success!
success!
success!
success!
success!
success!
success!
success!
success!
success!
success!
success!
success!
success!
success!
success!
success!
success!
success!
success!
success!
success!
success!
success!
success!
success!
success!
success!
success!
success!
success!
success!
success!
success!
success!
success!
success!
success!
success!
success!
success!
success!
success!
success!
success!
success!
success!
success!
success!
success!
success!
success!
success!
success!
success!
success!
success!
success!
success!
success!
success!
success!
success!
success!
success!
success!
success!
success!
success!
success!
success!
success!
success!
success!
success!
success!
success!
success!
success!
success!
success!
success!
success!
success!
success!
success!
success!
success!
success!
success!
success!
success!
success!
success!
success!
success!
success!
success!
success!
success!
success!
success!
success!
success!
success!
success!
success!
success!
success!
success!
success!
success!
success!
success!
success!
success!
success!
success!
success!
success!
success!
success!
success!
success!
success!
success!
success!
success!
success!
success!
success!
success!
success!
success!
success!
success!
success!
success!
success!
success!
success!
success!
success!
success!
success!
success!
success!
success!
success!
success!
success!
success!
success!
success!
success!
success!
success!
success!
success!
success!
success!
success!
success!
success!
success!
success!
success!
success!
success!
success!
success!
success!
success!
success!
success!
success!
success!
success!
success!
success!
success!
success!
success!
success!
success!
success!
success!
success!
success!
success!
success!
success!
success!
success!
success!
success!
success!
success!
success!
success!
success!
success!
success!
success!
success!
success!
success!
success!
success!
success!
success!
success!
success!
success!
success!
success!
success!
success!
success!
success!
success!
success!
success!
success!
success!
success!
success!
success!
success!
success!
success!
success!
success!
success!
success!
success!
success!
success!
success!
success!
success!
success!
success!
success!
success!
success!
success!
success!
success!
success!
success!
success!
success!
success!
success!
success!
success!
success!
success!
success!
success!
success!
success!
success!
success!
success!
success!
success!
success!
success!
success!
success!
success!
success!
success!
success!
success!
success!
success!
success!
success!
success!
success!
success!
success!
success!
success!
success!
success!
success!
success!
success!
success!
success!
success!
success!
success!
success!
success!
success!
success!
success!
success!
success!
success!
success!
success!
success!
success!
success!
success!
success!
success!
success!
success!
success!
success!
success!
success!
success!
success!
success!
success!
success!
success!
success!
success!
success!
success!
success!
success!
success!
success!
success!
success!
success!
success!
success!
success!
success!
success!
success!
success!
success!
success!
success!
success!
success!
success!
success!
success!
success!
success!
success!
success!
success!
success!
success!
success!
success!
success!
success!
success!
success!
success!
success!
success!
success!
success!
success!
success!
success!
success!
success!
success!
success!
success!
success!
success!
success!
success!
success!
success!
success!
success!
success!
success!
success!
success!
success!
success!
success!
success!
success!
success!
success!
success!
success!
success!
success!
success!
success!
success!
success!
success!
success!
success!
success!
success!
success!
success!
success!
success!
success!
success!
success!
success!
success!
success!
success!
success!
success!
success!
success!
success!
success!
success!
success!
success!
success!
success!
success!
success!
success!
success!
success!
success!
success!
success!
success!
success!
success!
success!
success!
success!
success!
success!
success!
success!
success!
success!
success!
success!
success!
success!
success!
success!
success!
success!
success!
success!
success!
success!
success!
success!
success!
success!
success!
success!
success!
success!
success!
success!
success!
success!
success!
success!
success!
success!
success!
success!
success!
success!
success!
success!
success!
success!
success!
success!
success!
success!
success!
success!
success!
success!
success!
success!
success!
success!
success!
success!
success!
success!
success!
success!
success!
success!
success!
success!
success!
success!
success!
success!
success!
success!
success!
success!
success!
success!
success!
success!
success!
success!
success!
success!
success!
success!
success!
success!
success!
success!
success!
success!
success!
success!
success!
success!
success!
success!
success!
success!
success!
success!
success!
success!
success!
success!
success!
success!
success!
success!
success!
success!
success!
success!
success!
success!
success!
success!
success!
success!
success!
success!
success!
success!
success!
success!
success!
success!
success!
success!
success!
success!
success!
success!
success!
success!
success!
success!
success!
success!
success!
success!
success!
success!
success!
success!
success!
success!
success!
success!
success!
success!
success!
success!
success!
success!
success!
success!
success!
success!
success!
success!
success!
success!
success!
success!
success!
success!
success!
success!
success!
success!
success!
success!
success!
success!
success!
success!
success!
success!
success!
success!
success!
success!
success!
success!
success!
success!
success!
success!
success!
success!
success!
success!
success!
success!
success!
success!
success!
success!
success!
success!
success!
success!
success!
success!
success!
success!
success!
success!
success!
success!
success!
success!
success!
success!
success!
success!
success!
success!
success!
success!
success!
success!
success!
success!
success!
success!
success!
success!
success!
success!
success!
success!
success!
success!
success!
success!
success!
success!
success!
success!
success!
success!
success!
success!
success!
success!
success!
success!
success!
success!
success!
success!
success!
success!
success!
success!
success!
success!
success!
success!
success!
success!
success!
success!
success!
success!
success!
success!
success!
success!
success!
success!
success!
success!
success!
success!
success!
success!
success!
success!
success!
success!
success!
success!
success!
success!
success!
success!
success!
success!
success!
success!
success!
success!
success!
success!
success!
success!
success!
success!
success!
success!
success!
success!
success!
success!
success!
success!
success!
success!
success!
success!
success!
success!
success!
success!
success!
success!
success!
success!
success!
success!
success!
success!
success!
success!
success!
success!
success!
success!
success!
success!
success!
success!
success!
success!
success!
success!
success!
success!
success!
success!
success!
success!
success!
success!
success!
success!
success!
success!
success!
success!
success!
success!
success!
success!
success!
success!
success!
success!
success!
success!
success!
success!
success!
success!
success!
success!
success!
success!
success!
success!
success!
success!
success!
success!
success!
success!
success!
success!
success!
success!
success!
success!
success!
success!
success!
success!
success!
success!
success!
success!
success!
success!
success!
success!
success!
success!
success!
success!
success!
success!
success!
success!
success!
success!
success!
success!
success!
success!
success!
success!
success!
success!
success!
success!
success!
success!
success!
success!
success!
success!
success!
success!
success!
success!
success!
success!
success!
success!
success!
success!
success!
success!
success!
success!
success!
success!
success!
success!
success!
success!
success!
success!
success!
success!
success!
success!
success!
success!
success!
success!
success!
success!
success!
success!
success!
success!
success!
success!
success!
success!
success!
success!
success!
success!
success!
success!
success!
success!
success!
success!
success!
success!
success!
success!
success!
success!
success!
success!
success!
success!
success!
success!
success!
success!
success!
success!
success!
success!
success!
success!
success!
success!
success!
success!
success!
success!
success!
success!
success!
success!
success!
success!
success!
success!
success!
success!
success!
success!
success!
success!
success!
success!
success!
success!
success!
success!
success!
success!
success!
success!
success!
success!
success!
success!
success!
success!
success!
success!
success!
success!
success!
success!
success!
success!
success!
success!
success!
success!
success!
success!
success!
success!
success!
success!
success!
success!
success!
success!
success!
success!
success!
success!
success!
success!
success!
success!
success!
success!
success!
success!
success!
success!
success!
success!
success!
success!
success!
success!
success!
success!
success!
success!
success!
success!
success!
success!
success!
success!
success!
success!
success!
success!
success!
success!
success!
success!
success!
success!
success!
success!
success!
success!
success!
success!
success!
success!
success!
success!
success!
success!
success!
success!
success!
success!
success!
success!
success!
success!
success!
success!
success!
success!
success!
success!
success!
success!
success!
success!
success!
success!
success!
success!
success!
success!
success!
success!
success!
success!
success!
success!
success!
success!
success!
success!
success!
success!
success!
success!
success!
success!
success!
success!
success!
success!
success!
success!
success!
success!
success!
success!
success!
success!
success!
success!
success!
success!
success!
success!
success!
success!
success!
success!
success!
success!
success!
success!
success!
success!
success!
success!
success!
success!
success!
success!
success!
success!
success!
success!
success!
success!
success!
success!
success!
success!
success!
success!
success!
success!
success!
success!
success!
success!
success!
success!
success!
success!
success!
success!
success!
success!
success!
success!
success!
success!
success!
success!
success!
success!
success!
success!
success!
success!
success!
success!
success!
success!
success!
success!
success!
success!
success!
success!
success!
success!
success!
success!
success!
success!
success!
success!
success!
success!
success!
success!
success!
success!
success!
success!
success!
success!
success!
success!
success!
success!
success!
success!
success!
success!
success!
success!
success!
success!
success!
success!
success!
success!
success!
success!
success!
success!
success!
success!
success!
success!
success!
success!
success!
success!
success!
success!
success!
success!
success!
success!
success!
success!
success!
success!
success!
success!
success!
success!
success!
success!
success!
success!
success!
success!
success!
success!
success!
success!
success!
success!
success!
success!
success!
success!
success!
success!
success!
success!
success!
success!
success!
success!
success!
success!
success!
success!
success!
success!
success!
success!
success!
success!
success!
success!
success!
success!
success!
success!
success!
success!
success!
success!
success!
success!
success!
success!
success!
success!
success!
success!
success!
success!
success!
success!
success!
success!
success!
success!
success!
success!
success!
success!
success!
success!
success!
success!
success!
success!
success!
success!
success!
success!
success!
success!
success!
success!
success!
success!
success!
success!
success!
success!
success!
success!
success!
success!
success!
success!
success!
success!
success!
success!
success!
success!
success!
success!
success!
success!
success!
success!
success!
success!
timestamp: 2018-09-24T15:57:20.140617
ALTER TABLE "task" ADD "active" CHAR(1);
success!
success!
success!
success!
success!
success!
success!
success!
success!
timestamp: 2018-09-24T15:59:58.137215
ALTER TABLE "task" ADD "self" CHAR(1);
success!
success!
success!
success!
success!
success!
success!
success!
success!
success!
success!
success!
success!
success!
success!
success!
success!
success!
success!
success!
success!
success!
success!
success!
success!
success!
success!
success!
success!
success!
success!
timestamp: 2018-09-24T16:14:24.370936
ALTER TABLE "task" ADD "admindo" CHAR(1);
success!
success!
success!
success!
success!
success!
success!
success!
success!
success!
success!
success!
success!
success!
success!
success!
success!
success!
success!
success!
success!
success!
success!
success!
success!
success!
success!
success!
success!
success!
success!
success!
success!
success!
success!
success!
success!
success!
success!
success!
success!
success!
success!
success!
success!
success!
success!
success!
success!
success!
success!
success!
success!
success!
success!
success!
success!
success!
success!
success!
success!
success!
success!
success!
success!
success!
success!
success!
success!
success!
success!
success!
success!
success!
success!
success!
success!
success!
success!
success!
success!
success!
success!
success!
success!
success!
success!
success!
success!
success!
success!
success!
success!
timestamp: 2018-09-24T22:02:29.127833
CREATE TABLE "history"(
    "id" INTEGER PRIMARY KEY AUTOINCREMENT,
    "type" CHAR(512),
    "t_id" INTEGER,
    "u_id" INTEGER,
    "bean" INTEGER,
    "time" TIMESTAMP
);
success!
success!
success!
success!
success!
success!
success!
success!
success!
success!
success!
success!
success!
success!
success!
success!
success!
success!
success!
success!
success!
success!
success!
success!
success!
success!
success!
success!
success!
success!
success!
success!
success!
success!
success!
success!
success!
success!
success!
success!
success!
success!
success!
success!
success!
success!
success!
success!
success!
success!
success!
success!
success!
success!
success!
success!
success!
success!
success!
success!
success!
success!
success!
success!
success!
success!
success!
success!
success!
success!
success!
success!
success!
success!
success!
success!
success!
success!
success!
success!
success!
success!
success!
success!
success!
success!
success!
success!
success!
success!
success!
success!
success!
success!
success!
success!
success!
success!
success!
success!
success!
success!
success!
success!
success!
success!
success!
success!
success!
success!
success!
success!
success!
success!
success!
success!
success!
success!
success!
success!
success!
success!
success!
success!
success!
success!
success!
success!
success!
success!
success!
success!
success!
success!
success!
success!
success!
success!
success!
success!
success!
success!
success!
success!
success!
success!
success!
success!
success!
success!
success!
success!
success!
success!
success!
success!
success!
success!
success!
success!
success!
success!
success!
success!
success!
success!
success!
success!
success!
success!
success!
success!
success!
success!
success!
success!
success!
success!
success!
success!
success!
success!
success!
success!
success!
success!
success!
success!
success!
success!
success!
success!
success!
success!
success!
success!
success!
success!
success!
success!
success!
success!
success!
success!
success!
success!
success!
success!
success!
success!
success!
success!
success!
success!
success!
success!
success!
success!
success!
success!
success!
success!
success!
success!
success!
success!
success!
success!
success!
success!
success!
success!
success!
success!
success!
success!
success!
success!
success!
success!
success!
success!
success!
success!
success!
success!
success!
success!
success!
success!
success!
success!
success!
success!
success!
success!
success!
success!
success!
success!
success!
success!
success!
success!
success!
success!
success!
success!
success!
success!
success!
success!
success!
success!
success!
success!
success!
success!
success!
success!
success!
success!
success!
success!
success!
success!
success!
success!
success!
success!
success!
success!
success!
success!
success!
success!
success!
success!
success!
success!
success!
success!
success!
success!
success!
success!
success!
success!
success!
success!
success!
success!
success!
success!
success!
success!
success!
success!
success!
success!
success!
success!
success!
success!
success!
success!
success!
success!
success!
success!
success!
success!
success!
success!
success!
success!
success!
success!
success!
success!
success!
success!
success!
success!
success!
success!
success!
success!
success!
success!
success!
success!
success!
success!
success!
success!
success!
success!
success!
success!
timestamp: 2018-09-30T20:02:59.780509
ALTER TABLE "task" ADD "ifhistory" CHAR(1);
success!
success!
success!
success!
success!
success!
success!
success!
success!
success!
success!
success!
success!
success!
success!
success!
success!
success!
success!
success!
success!
success!
success!
success!
success!
success!
success!
success!
success!
success!
success!
success!
success!
success!
success!
success!
success!
success!
success!
success!
success!
success!
success!
success!
success!
success!
success!
success!
success!
success!
success!
success!
success!
success!
success!
success!
success!
success!
success!
success!
success!
success!
success!
success!
success!
success!
success!
success!
success!
success!
success!
success!
success!
success!
success!
success!
success!
success!
success!
success!
success!
success!
success!
success!
success!
success!
success!
success!
success!
success!
success!
success!
success!
success!
success!
success!
success!
success!
success!
success!
success!
success!
success!
success!
success!
success!
success!
success!
success!
success!
success!
success!
success!
success!
success!
success!
success!
success!
success!
success!
success!
success!
success!
success!
success!
success!
success!
success!
success!
success!
success!
success!
success!
success!
success!
success!
success!
success!
success!
success!
success!
success!
success!
success!
success!
success!
success!
success!
success!
success!
success!
success!
success!
success!
success!
success!
success!
success!
success!
success!
success!
success!
success!
success!
success!
success!
success!
success!
success!
success!
success!
success!
success!
success!
success!
success!
success!
success!
success!
success!
success!
success!
success!
success!
success!
success!
success!
success!
success!
success!
success!
success!
success!
success!
success!
success!
success!
success!
success!
success!
success!
success!
success!
success!
success!
success!
success!
success!
success!
success!
success!
success!
success!
success!
success!
success!
success!
success!
success!
success!
success!
success!
success!
success!
success!
success!
success!
success!
success!
success!
success!
success!
success!
success!
success!
success!
success!
success!
success!
success!
success!
success!
success!
success!
success!
success!
success!
success!
success!
success!
success!
success!
success!
success!
success!
success!
success!
success!
success!
success!
success!
success!
success!
success!
success!
success!
success!
success!
success!
success!
success!
success!
success!
success!
success!
success!
success!
success!
success!
success!
success!
success!
success!
success!
success!
success!
success!
success!
success!
success!
success!
success!
success!
success!
success!
success!
success!
success!
success!
success!
success!
success!
success!
success!
success!
success!
success!
success!
success!
success!
success!
success!
success!
success!
success!
success!
success!
success!
success!
success!
success!
success!
success!
success!
success!
success!
success!
success!
success!
success!
success!
success!
success!
success!
success!
success!
success!
success!
success!
success!
success!
success!
success!
success!
success!
success!
success!
success!
success!
success!
success!
success!
success!
success!
success!
success!
success!
success!
success!
success!
success!
success!
success!
success!
success!
success!
success!
success!
success!
success!
success!
success!
success!
success!
success!
success!
success!
success!
success!
success!
success!
success!
success!
success!
success!
success!
success!
success!
success!
success!
success!
success!
success!
success!
success!
success!
success!
success!
success!
success!
success!
success!
success!
success!
success!
success!
success!
success!
success!
success!
success!
success!
success!
success!
success!
success!
success!
success!
success!
success!
success!
success!
success!
success!
success!
success!
success!
success!
success!
success!
success!
success!
success!
success!
success!
success!
success!
success!
success!
success!
success!
success!
success!
success!
success!
success!
success!
success!
success!
success!
success!
success!
success!
success!
success!
success!
success!
success!
success!
success!
success!
success!
success!
success!
success!
success!
success!
success!
success!
success!
success!
success!
success!
success!
success!
success!
success!
success!
success!
success!
success!
success!
success!
success!
success!
success!
success!
success!
success!
success!
success!
success!
success!
success!
success!
success!
success!
success!
success!
success!
success!
success!
success!
success!
success!
success!
success!
success!
success!
success!
success!
success!
success!
success!
success!
success!
success!
success!
success!
success!
success!
success!
success!
success!
success!
success!
success!
success!
success!
success!
success!
success!
success!
success!
success!
success!
success!
success!
success!
success!
success!
success!
success!
success!
success!
success!
success!
success!
success!
success!
success!
success!
success!
success!
success!
success!
success!
success!
success!
success!
success!
success!
success!
success!
success!
success!
success!
success!
success!
success!
success!
success!
success!
success!
success!
success!
success!
success!
success!
success!
success!
success!
success!
success!
success!
success!
success!
success!
success!
success!
success!
success!
success!
success!
success!
success!
success!
success!
success!
success!
success!
success!
success!
success!
success!
success!
success!
success!
success!
success!
success!
success!
success!
success!
success!
success!
success!
success!
success!
success!
success!
success!
success!
success!
success!
success!
success!
success!
success!
success!
success!
success!
success!
success!
success!
success!
success!
success!
success!
success!
success!
success!
success!
success!
success!
success!
success!
success!
success!
success!
success!
success!
success!
success!
success!
success!
success!
success!
success!
success!
success!
success!
success!
success!
success!
success!
success!
success!
success!
success!
success!
success!
success!
success!
success!
success!
success!
success!
success!
success!
success!
success!
success!
success!
success!
success!
success!
success!
success!
success!
success!
